<?xml version="1.0" encoding="UTF-8"?>
<testng-results ignored="0" total="6" passed="5" failed="1" skipped="0">
  <reporter-output>
  </reporter-output>
  <suite started-at="2024-09-19T17:39:26 IST" name="Default suite" finished-at="2024-09-19T17:40:37 IST" duration-ms="71264">
    <groups>
    </groups>
    <test started-at="2024-09-19T17:39:26 IST" name="Default test" finished-at="2024-09-19T17:40:37 IST" duration-ms="71264">
      <class name="SeleniumTestNgMavenFramework.BasicAuthTest">
        <test-method is-config="true" signature="createDriver(java.lang.String)[pri:0, instance:SeleniumTestNgMavenFramework.BasicAuthTest@3e27ba32]" started-at="2024-09-19T17:39:26 IST" name="createDriver" finished-at="2024-09-19T17:39:40 IST" duration-ms="13770" status="PASS">
          <params>
            <param index="0">
              <value>
                <![CDATA[chrome]]>
              </value>
            </param>
          </params>
          <reporter-output>
          </reporter-output>
        </test-method> <!-- createDriver -->
        <test-method signature="TC_VerifyLoginTitlePage()[pri:1, instance:SeleniumTestNgMavenFramework.BasicAuthTest@3e27ba32]" started-at="2024-09-19T17:39:40 IST" name="TC_VerifyLoginTitlePage" finished-at="2024-09-19T17:39:45 IST" duration-ms="4496" status="PASS">
          <reporter-output>
          </reporter-output>
        </test-method> <!-- TC_VerifyLoginTitlePage -->
        <test-method is-config="true" signature="closeDriver()[pri:0, instance:SeleniumTestNgMavenFramework.BasicAuthTest@3e27ba32]" started-at="2024-09-19T17:39:45 IST" name="closeDriver" finished-at="2024-09-19T17:39:45 IST" duration-ms="183" status="PASS">
          <reporter-output>
          </reporter-output>
        </test-method> <!-- closeDriver -->
        <test-method is-config="true" signature="createDriver(java.lang.String)[pri:0, instance:SeleniumTestNgMavenFramework.BasicAuthTest@3e27ba32]" started-at="2024-09-19T17:39:45 IST" name="createDriver" finished-at="2024-09-19T17:39:46 IST" duration-ms="1175" status="PASS">
          <params>
            <param index="0">
              <value>
                <![CDATA[chrome]]>
              </value>
            </param>
          </params>
          <reporter-output>
          </reporter-output>
        </test-method> <!-- createDriver -->
        <test-method signature="TC_LoginWithoutEmail()[pri:2, instance:SeleniumTestNgMavenFramework.BasicAuthTest@3e27ba32]" started-at="2024-09-19T17:39:46 IST" name="TC_LoginWithoutEmail" finished-at="2024-09-19T17:39:54 IST" duration-ms="7557" status="PASS">
          <reporter-output>
          </reporter-output>
        </test-method> <!-- TC_LoginWithoutEmail -->
        <test-method is-config="true" signature="closeDriver()[pri:0, instance:SeleniumTestNgMavenFramework.BasicAuthTest@3e27ba32]" started-at="2024-09-19T17:39:54 IST" name="closeDriver" finished-at="2024-09-19T17:39:54 IST" duration-ms="165" status="PASS">
          <reporter-output>
          </reporter-output>
        </test-method> <!-- closeDriver -->
        <test-method is-config="true" signature="createDriver(java.lang.String)[pri:0, instance:SeleniumTestNgMavenFramework.BasicAuthTest@3e27ba32]" started-at="2024-09-19T17:39:54 IST" name="createDriver" finished-at="2024-09-19T17:39:55 IST" duration-ms="1319" status="PASS">
          <params>
            <param index="0">
              <value>
                <![CDATA[chrome]]>
              </value>
            </param>
          </params>
          <reporter-output>
          </reporter-output>
        </test-method> <!-- createDriver -->
        <test-method signature="TC_LoginWithoutPassword()[pri:3, instance:SeleniumTestNgMavenFramework.BasicAuthTest@3e27ba32]" started-at="2024-09-19T17:39:55 IST" name="TC_LoginWithoutPassword" finished-at="2024-09-19T17:40:00 IST" duration-ms="4988" status="PASS">
          <reporter-output>
          </reporter-output>
        </test-method> <!-- TC_LoginWithoutPassword -->
        <test-method is-config="true" signature="closeDriver()[pri:0, instance:SeleniumTestNgMavenFramework.BasicAuthTest@3e27ba32]" started-at="2024-09-19T17:40:00 IST" name="closeDriver" finished-at="2024-09-19T17:40:00 IST" duration-ms="165" status="PASS">
          <reporter-output>
          </reporter-output>
        </test-method> <!-- closeDriver -->
        <test-method is-config="true" signature="createDriver(java.lang.String)[pri:0, instance:SeleniumTestNgMavenFramework.BasicAuthTest@3e27ba32]" started-at="2024-09-19T17:40:00 IST" name="createDriver" finished-at="2024-09-19T17:40:02 IST" duration-ms="1213" status="PASS">
          <params>
            <param index="0">
              <value>
                <![CDATA[chrome]]>
              </value>
            </param>
          </params>
          <reporter-output>
          </reporter-output>
        </test-method> <!-- createDriver -->
        <test-method signature="TC_LoginWithWrongEmail()[pri:4, instance:SeleniumTestNgMavenFramework.BasicAuthTest@3e27ba32]" started-at="2024-09-19T17:40:02 IST" name="TC_LoginWithWrongEmail" finished-at="2024-09-19T17:40:07 IST" duration-ms="5716" status="PASS">
          <reporter-output>
          </reporter-output>
        </test-method> <!-- TC_LoginWithWrongEmail -->
        <test-method is-config="true" signature="closeDriver()[pri:0, instance:SeleniumTestNgMavenFramework.BasicAuthTest@3e27ba32]" started-at="2024-09-19T17:40:07 IST" name="closeDriver" finished-at="2024-09-19T17:40:07 IST" duration-ms="150" status="PASS">
          <reporter-output>
          </reporter-output>
        </test-method> <!-- closeDriver -->
        <test-method is-config="true" signature="createDriver(java.lang.String)[pri:0, instance:SeleniumTestNgMavenFramework.BasicAuthTest@3e27ba32]" started-at="2024-09-19T17:40:07 IST" name="createDriver" finished-at="2024-09-19T17:40:09 IST" duration-ms="1122" status="PASS">
          <params>
            <param index="0">
              <value>
                <![CDATA[chrome]]>
              </value>
            </param>
          </params>
          <reporter-output>
          </reporter-output>
        </test-method> <!-- createDriver -->
        <test-method signature="TC_LoginWithWrongPassword()[pri:5, instance:SeleniumTestNgMavenFramework.BasicAuthTest@3e27ba32]" started-at="2024-09-19T17:40:09 IST" name="TC_LoginWithWrongPassword" finished-at="2024-09-19T17:40:15 IST" duration-ms="5969" status="PASS">
          <reporter-output>
          </reporter-output>
        </test-method> <!-- TC_LoginWithWrongPassword -->
        <test-method is-config="true" signature="closeDriver()[pri:0, instance:SeleniumTestNgMavenFramework.BasicAuthTest@3e27ba32]" started-at="2024-09-19T17:40:15 IST" name="closeDriver" finished-at="2024-09-19T17:40:15 IST" duration-ms="154" status="PASS">
          <reporter-output>
          </reporter-output>
        </test-method> <!-- closeDriver -->
        <test-method is-config="true" signature="createDriver(java.lang.String)[pri:0, instance:SeleniumTestNgMavenFramework.BasicAuthTest@3e27ba32]" started-at="2024-09-19T17:40:15 IST" name="createDriver" finished-at="2024-09-19T17:40:16 IST" duration-ms="1119" status="PASS">
          <params>
            <param index="0">
              <value>
                <![CDATA[chrome]]>
              </value>
            </param>
          </params>
          <reporter-output>
          </reporter-output>
        </test-method> <!-- createDriver -->
        <test-method signature="TC_LoginWithValidCredential()[pri:6, instance:SeleniumTestNgMavenFramework.BasicAuthTest@3e27ba32]" started-at="2024-09-19T17:40:16 IST" name="TC_LoginWithValidCredential" finished-at="2024-09-19T17:40:37 IST" duration-ms="21392" status="FAIL">
          <exception class="java.lang.AssertionError">
            <message>
              <![CDATA[❌ Element not exist. (waitForElementPresent) By.xpath: //h2[normalize-space()='Home']]]>
            </message>
            <full-stacktrace>
              <![CDATA[java.lang.AssertionError: ❌ Element not exist. (waitForElementPresent) By.xpath: //h2[normalize-space()='Home']
at org.testng.Assert.fail(Assert.java:99)
at helpers.WebUI.waitForElementPresent(WebUI.java:478)
at helpers.WebUI.waitForElementVisible(WebUI.java:424)
at pageObjects.BasicAuthPage.loginSuccessWithValidCredentials(BasicAuthPage.java:69)
at SeleniumTestNgMavenFramework.BasicAuthTest.TC_LoginWithValidCredential(BasicAuthTest.java:40)
at java.base/jdk.internal.reflect.NativeMethodAccessorImpl.invoke0(Native Method)
at java.base/jdk.internal.reflect.NativeMethodAccessorImpl.invoke(NativeMethodAccessorImpl.java:78)
at java.base/jdk.internal.reflect.DelegatingMethodAccessorImpl.invoke(DelegatingMethodAccessorImpl.java:43)
at java.base/java.lang.reflect.Method.invoke(Method.java:567)
at org.testng.internal.MethodInvocationHelper.invokeMethod(MethodInvocationHelper.java:133)
at org.testng.internal.TestInvoker.invokeMethod(TestInvoker.java:598)
at org.testng.internal.TestInvoker.invokeTestMethod(TestInvoker.java:173)
at org.testng.internal.MethodRunner.runInSequence(MethodRunner.java:46)
at org.testng.internal.TestInvoker$MethodInvocationAgent.invoke(TestInvoker.java:824)
at org.testng.internal.TestInvoker.invokeTestMethods(TestInvoker.java:146)
at org.testng.internal.TestMethodWorker.invokeTestMethods(TestMethodWorker.java:146)
at org.testng.internal.TestMethodWorker.run(TestMethodWorker.java:128)
at java.base/java.util.ArrayList.forEach(ArrayList.java:1511)
at org.testng.TestRunner.privateRun(TestRunner.java:794)
at org.testng.TestRunner.run(TestRunner.java:596)
at org.testng.SuiteRunner.runTest(SuiteRunner.java:377)
at org.testng.SuiteRunner.runSequentially(SuiteRunner.java:371)
at org.testng.SuiteRunner.privateRun(SuiteRunner.java:332)
at org.testng.SuiteRunner.run(SuiteRunner.java:276)
at org.testng.SuiteRunnerWorker.runSuite(SuiteRunnerWorker.java:53)
at org.testng.SuiteRunnerWorker.run(SuiteRunnerWorker.java:96)
at org.testng.TestNG.runSuitesSequentially(TestNG.java:1212)
at org.testng.TestNG.runSuitesLocally(TestNG.java:1134)
at org.testng.TestNG.runSuites(TestNG.java:1063)
at org.testng.TestNG.run(TestNG.java:1031)
at org.testng.remote.AbstractRemoteTestNG.run(AbstractRemoteTestNG.java:115)
at org.testng.remote.RemoteTestNG.initAndRun(RemoteTestNG.java:293)
at org.testng.remote.RemoteTestNG.main(RemoteTestNG.java:91)
]]>
            </full-stacktrace>
          </exception> <!-- java.lang.AssertionError -->
          <reporter-output>
          </reporter-output>
        </test-method> <!-- TC_LoginWithValidCredential -->
        <test-method is-config="true" signature="closeDriver()[pri:0, instance:SeleniumTestNgMavenFramework.BasicAuthTest@3e27ba32]" started-at="2024-09-19T17:40:37 IST" name="closeDriver" finished-at="2024-09-19T17:40:37 IST" duration-ms="198" status="PASS">
          <reporter-output>
          </reporter-output>
        </test-method> <!-- closeDriver -->
      </class> <!-- SeleniumTestNgMavenFramework.BasicAuthTest -->
    </test> <!-- Default test -->
  </suite> <!-- Default suite -->
</testng-results>
